2025-12-28T20:06:02.121+07:00  INFO 22508 --- [backend] [restartedMain] c.s.backend.BackendApplication           : Starting BackendApplication using Java 22.0.2 with PID 22508 (C:\Users\admin\OneDrive\Documents\smart-parking-system\backend\target\classes started by admin in C:\Users\admin\OneDrive\Documents\smart-parking-system\backend)
2025-12-28T20:06:02.122+07:00  INFO 22508 --- [backend] [restartedMain] c.s.backend.BackendApplication           : No active profile set, falling back to 1 default profile: "default"
2025-12-28T20:06:02.188+07:00  INFO 22508 --- [backend] [restartedMain] .e.DevToolsPropertyDefaultsPostProcessor : Devtools property defaults active! Set 'spring.devtools.add-properties' to 'false' to disable
2025-12-28T20:06:02.188+07:00  INFO 22508 --- [backend] [restartedMain] .e.DevToolsPropertyDefaultsPostProcessor : For additional web related logging consider setting the 'logging.level.web' property to 'DEBUG'
2025-12-28T20:06:02.205+07:00  INFO 22508 --- [backend] [restartedMain] .s.b.d.c.l.DockerComposeLifecycleManager : Using Docker Compose file C:\Users\admin\OneDrive\Documents\smart-parking-system\backend\docker-compose.yml
2025-12-28T20:06:03.532+07:00  INFO 22508 --- [backend] [restartedMain] .s.b.d.c.l.DockerComposeLifecycleManager : There are already Docker Compose services running, skipping startup
2025-12-28T20:06:04.764+07:00  INFO 22508 --- [backend] [restartedMain] .s.d.r.c.RepositoryConfigurationDelegate : Bootstrapping Spring Data JPA repositories in DEFAULT mode.
2025-12-28T20:06:04.858+07:00  INFO 22508 --- [backend] [restartedMain] .s.d.r.c.RepositoryConfigurationDelegate : Finished Spring Data repository scanning in 84 ms. Found 8 JPA repository interfaces.
2025-12-28T20:06:05.744+07:00  INFO 22508 --- [backend] [restartedMain] o.s.b.w.embedded.tomcat.TomcatWebServer  : Tomcat initialized with port 8080 (http)
2025-12-28T20:06:05.759+07:00  INFO 22508 --- [backend] [restartedMain] o.apache.catalina.core.StandardService   : Starting service [Tomcat]
2025-12-28T20:06:05.760+07:00  INFO 22508 --- [backend] [restartedMain] o.apache.catalina.core.StandardEngine    : Starting Servlet engine: [Apache Tomcat/10.1.46]
2025-12-28T20:06:05.810+07:00  INFO 22508 --- [backend] [restartedMain] o.a.c.c.C.[Tomcat].[localhost].[/]       : Initializing Spring embedded WebApplicationContext
2025-12-28T20:06:05.811+07:00  INFO 22508 --- [backend] [restartedMain] w.s.c.ServletWebServerApplicationContext : Root WebApplicationContext: initialization completed in 2260 ms
2025-12-28T20:06:06.089+07:00  INFO 22508 --- [backend] [restartedMain] com.zaxxer.hikari.HikariDataSource       : HikariPool-1 - Starting...
2025-12-28T20:06:06.395+07:00  INFO 22508 --- [backend] [restartedMain] com.zaxxer.hikari.pool.HikariPool        : HikariPool-1 - Added connection org.postgresql.jdbc.PgConnection@71222a0f
2025-12-28T20:06:06.398+07:00  INFO 22508 --- [backend] [restartedMain] com.zaxxer.hikari.HikariDataSource       : HikariPool-1 - Start completed.
2025-12-28T20:06:06.442+07:00  INFO 22508 --- [backend] [restartedMain] o.hibernate.jpa.internal.util.LogHelper  : HHH000204: Processing PersistenceUnitInfo [name: default]
2025-12-28T20:06:06.533+07:00  INFO 22508 --- [backend] [restartedMain] org.hibernate.Version                    : HHH000412: Hibernate ORM core version 6.6.29.Final
2025-12-28T20:06:06.576+07:00  INFO 22508 --- [backend] [restartedMain] o.h.c.internal.RegionFactoryInitiator    : HHH000026: Second-level cache disabled
2025-12-28T20:06:06.940+07:00  INFO 22508 --- [backend] [restartedMain] o.s.o.j.p.SpringPersistenceUnitInfo      : No LoadTimeWeaver setup: ignoring JPA class transformer
2025-12-28T20:06:07.039+07:00  INFO 22508 --- [backend] [restartedMain] org.hibernate.orm.connections.pooling    : HHH10001005: Database info:
	Database JDBC URL [Connecting through datasource 'HikariDataSource (HikariPool-1)']
	Database driver: undefined/unknown
	Database version: 16.11
	Autocommit mode: undefined/unknown
	Isolation level: undefined/unknown
	Minimum pool size: undefined/unknown
	Maximum pool size: undefined/unknown
2025-12-28T20:06:08.207+07:00  INFO 22508 --- [backend] [restartedMain] o.h.e.t.j.p.i.JtaPlatformInitiator       : HHH000489: No JTA platform available (set 'hibernate.transaction.jta.platform' to enable JTA platform integration)
2025-12-28T20:06:08.210+07:00  INFO 22508 --- [backend] [restartedMain] j.LocalContainerEntityManagerFactoryBean : Initialized JPA EntityManagerFactory for persistence unit 'default'
2025-12-28T20:06:08.527+07:00  INFO 22508 --- [backend] [restartedMain] o.s.d.j.r.query.QueryEnhancerFactory     : Hibernate is in classpath; If applicable, HQL parser will be used.
2025-12-28T20:06:10.435+07:00  WARN 22508 --- [backend] [restartedMain] JpaBaseConfiguration$JpaWebConfiguration : spring.jpa.open-in-view is enabled by default. Therefore, database queries may be performed during view rendering. Explicitly configure spring.jpa.open-in-view to disable this warning
2025-12-28T20:06:10.835+07:00  INFO 22508 --- [backend] [restartedMain] o.s.b.a.e.web.EndpointLinksResolver      : Exposing 14 endpoints beneath base path '/sps/actuator'
2025-12-28T20:06:10.871+07:00  INFO 22508 --- [backend] [restartedMain] eAuthenticationProviderManagerConfigurer : Global AuthenticationManager configured with AuthenticationProvider bean with name emailAndPasswordAuthentication
2025-12-28T20:06:11.388+07:00  INFO 22508 --- [backend] [restartedMain] o.s.b.d.a.OptionalLiveReloadServer       : LiveReload server is running on port 35729
2025-12-28T20:06:11.462+07:00  INFO 22508 --- [backend] [restartedMain] o.s.b.w.embedded.tomcat.TomcatWebServer  : Tomcat started on port 8080 (http) with context path '/'
2025-12-28T20:06:11.474+07:00  INFO 22508 --- [backend] [restartedMain] c.s.backend.BackendApplication           : Started BackendApplication in 10.255 seconds (process running for 11.441)
2025-12-28T20:06:12.058+07:00  INFO 22508 --- [backend] [RMI TCP Connection(1)-192.168.1.8] o.a.c.c.C.[Tomcat].[localhost].[/]       : Initializing Spring DispatcherServlet 'dispatcherServlet'
2025-12-28T20:06:12.058+07:00  INFO 22508 --- [backend] [RMI TCP Connection(1)-192.168.1.8] o.s.web.servlet.DispatcherServlet        : Initializing Servlet 'dispatcherServlet'
2025-12-28T20:06:12.060+07:00  INFO 22508 --- [backend] [RMI TCP Connection(1)-192.168.1.8] o.s.web.servlet.DispatcherServlet        : Completed initialization in 2 ms
2025-12-28T20:16:13.541+07:00  INFO 22508 --- [backend] [SpringApplicationShutdownHook] o.s.b.w.e.tomcat.GracefulShutdown        : Commencing graceful shutdown. Waiting for active requests to complete
2025-12-28T20:16:13.551+07:00  INFO 22508 --- [backend] [tomcat-shutdown] o.s.b.w.e.tomcat.GracefulShutdown        : Graceful shutdown complete
2025-12-28T20:16:13.590+07:00  INFO 22508 --- [backend] [SpringApplicationShutdownHook] j.LocalContainerEntityManagerFactoryBean : Closing JPA EntityManagerFactory for persistence unit 'default'
2025-12-28T20:16:13.594+07:00  INFO 22508 --- [backend] [SpringApplicationShutdownHook] com.zaxxer.hikari.HikariDataSource       : HikariPool-1 - Shutdown initiated...
2025-12-28T20:16:13.599+07:00  INFO 22508 --- [backend] [SpringApplicationShutdownHook] com.zaxxer.hikari.HikariDataSource       : HikariPool-1 - Shutdown completed.
2025-12-28T20:28:04.781+07:00  INFO 45852 --- [backend] [restartedMain] c.s.backend.BackendApplication           : Starting BackendApplication using Java 22.0.2 with PID 45852 (C:\Users\admin\OneDrive\Documents\smart-parking-system\backend\target\classes started by admin in C:\Users\admin\OneDrive\Documents\smart-parking-system\backend)
2025-12-28T20:28:04.783+07:00  INFO 45852 --- [backend] [restartedMain] c.s.backend.BackendApplication           : No active profile set, falling back to 1 default profile: "default"
2025-12-28T20:28:04.827+07:00  INFO 45852 --- [backend] [restartedMain] .e.DevToolsPropertyDefaultsPostProcessor : Devtools property defaults active! Set 'spring.devtools.add-properties' to 'false' to disable
2025-12-28T20:28:04.827+07:00  INFO 45852 --- [backend] [restartedMain] .e.DevToolsPropertyDefaultsPostProcessor : For additional web related logging consider setting the 'logging.level.web' property to 'DEBUG'
2025-12-28T20:28:04.840+07:00  INFO 45852 --- [backend] [restartedMain] .s.b.d.c.l.DockerComposeLifecycleManager : Using Docker Compose file C:\Users\admin\OneDrive\Documents\smart-parking-system\backend\docker-compose.yml
2025-12-28T20:28:06.052+07:00  INFO 45852 --- [backend] [restartedMain] .s.b.d.c.l.DockerComposeLifecycleManager : There are already Docker Compose services running, skipping startup
2025-12-28T20:28:06.952+07:00  INFO 45852 --- [backend] [restartedMain] .s.d.r.c.RepositoryConfigurationDelegate : Bootstrapping Spring Data JPA repositories in DEFAULT mode.
2025-12-28T20:28:07.021+07:00  INFO 45852 --- [backend] [restartedMain] .s.d.r.c.RepositoryConfigurationDelegate : Finished Spring Data repository scanning in 62 ms. Found 10 JPA repository interfaces.
2025-12-28T20:28:07.573+07:00  INFO 45852 --- [backend] [restartedMain] o.s.b.w.embedded.tomcat.TomcatWebServer  : Tomcat initialized with port 8080 (http)
2025-12-28T20:28:07.601+07:00  INFO 45852 --- [backend] [restartedMain] o.apache.catalina.core.StandardService   : Starting service [Tomcat]
2025-12-28T20:28:07.601+07:00  INFO 45852 --- [backend] [restartedMain] o.apache.catalina.core.StandardEngine    : Starting Servlet engine: [Apache Tomcat/10.1.46]
2025-12-28T20:28:07.642+07:00  INFO 45852 --- [backend] [restartedMain] o.a.c.c.C.[Tomcat].[localhost].[/]       : Initializing Spring embedded WebApplicationContext
2025-12-28T20:28:07.643+07:00  INFO 45852 --- [backend] [restartedMain] w.s.c.ServletWebServerApplicationContext : Root WebApplicationContext: initialization completed in 1582 ms
2025-12-28T20:28:07.876+07:00  INFO 45852 --- [backend] [restartedMain] com.zaxxer.hikari.HikariDataSource       : HikariPool-1 - Starting...
2025-12-28T20:28:08.008+07:00  INFO 45852 --- [backend] [restartedMain] com.zaxxer.hikari.pool.HikariPool        : HikariPool-1 - Added connection org.postgresql.jdbc.PgConnection@b64c458
2025-12-28T20:28:08.009+07:00  INFO 45852 --- [backend] [restartedMain] com.zaxxer.hikari.HikariDataSource       : HikariPool-1 - Start completed.
2025-12-28T20:28:08.041+07:00  INFO 45852 --- [backend] [restartedMain] o.hibernate.jpa.internal.util.LogHelper  : HHH000204: Processing PersistenceUnitInfo [name: default]
2025-12-28T20:28:08.080+07:00  INFO 45852 --- [backend] [restartedMain] org.hibernate.Version                    : HHH000412: Hibernate ORM core version 6.6.29.Final
2025-12-28T20:28:08.115+07:00  INFO 45852 --- [backend] [restartedMain] o.h.c.internal.RegionFactoryInitiator    : HHH000026: Second-level cache disabled
2025-12-28T20:28:08.350+07:00  INFO 45852 --- [backend] [restartedMain] o.s.o.j.p.SpringPersistenceUnitInfo      : No LoadTimeWeaver setup: ignoring JPA class transformer
2025-12-28T20:28:08.437+07:00  INFO 45852 --- [backend] [restartedMain] org.hibernate.orm.connections.pooling    : HHH10001005: Database info:
	Database JDBC URL [Connecting through datasource 'HikariDataSource (HikariPool-1)']
	Database driver: undefined/unknown
	Database version: 16.11
	Autocommit mode: undefined/unknown
	Isolation level: undefined/unknown
	Minimum pool size: undefined/unknown
	Maximum pool size: undefined/unknown
2025-12-28T20:28:09.303+07:00  INFO 45852 --- [backend] [restartedMain] o.h.e.t.j.p.i.JtaPlatformInitiator       : HHH000489: No JTA platform available (set 'hibernate.transaction.jta.platform' to enable JTA platform integration)
2025-12-28T20:28:09.306+07:00  INFO 45852 --- [backend] [restartedMain] j.LocalContainerEntityManagerFactoryBean : Initialized JPA EntityManagerFactory for persistence unit 'default'
2025-12-28T20:28:09.552+07:00  INFO 45852 --- [backend] [restartedMain] o.s.d.j.r.query.QueryEnhancerFactory     : Hibernate is in classpath; If applicable, HQL parser will be used.
2025-12-28T20:28:11.132+07:00  WARN 45852 --- [backend] [restartedMain] JpaBaseConfiguration$JpaWebConfiguration : spring.jpa.open-in-view is enabled by default. Therefore, database queries may be performed during view rendering. Explicitly configure spring.jpa.open-in-view to disable this warning
2025-12-28T20:28:11.449+07:00  INFO 45852 --- [backend] [restartedMain] o.s.b.a.e.web.EndpointLinksResolver      : Exposing 14 endpoints beneath base path '/sps/actuator'
2025-12-28T20:28:11.473+07:00  INFO 45852 --- [backend] [restartedMain] eAuthenticationProviderManagerConfigurer : Global AuthenticationManager configured with AuthenticationProvider bean with name emailAndPasswordAuthentication
2025-12-28T20:28:11.890+07:00  INFO 45852 --- [backend] [restartedMain] o.s.b.d.a.OptionalLiveReloadServer       : LiveReload server is running on port 35729
2025-12-28T20:28:11.946+07:00  INFO 45852 --- [backend] [restartedMain] o.s.b.w.embedded.tomcat.TomcatWebServer  : Tomcat started on port 8080 (http) with context path '/'
2025-12-28T20:28:11.958+07:00  INFO 45852 --- [backend] [restartedMain] c.s.backend.BackendApplication           : Started BackendApplication in 7.631 seconds (process running for 8.368)
2025-12-28T20:28:12.627+07:00  INFO 45852 --- [backend] [RMI TCP Connection(2)-192.168.1.8] o.a.c.c.C.[Tomcat].[localhost].[/]       : Initializing Spring DispatcherServlet 'dispatcherServlet'
2025-12-28T20:28:12.628+07:00  INFO 45852 --- [backend] [RMI TCP Connection(2)-192.168.1.8] o.s.web.servlet.DispatcherServlet        : Initializing Servlet 'dispatcherServlet'
2025-12-28T20:28:12.632+07:00  INFO 45852 --- [backend] [RMI TCP Connection(2)-192.168.1.8] o.s.web.servlet.DispatcherServlet        : Completed initialization in 4 ms
