1767103089: mosquitto version 2.0.22 starting
1767103089: Config loaded from /mosquitto/config/mosquitto.conf.
1767103089: Error: Unable to open pwfile "/mosquitto/config/passwords".
1767103089: Error opening password file "/mosquitto/config/passwords".
1767103090: mosquitto version 2.0.22 starting
1767103090: Config loaded from /mosquitto/config/mosquitto.conf.
1767103090: Error: Unable to open pwfile "/mosquitto/config/passwords".
1767103090: Error opening password file "/mosquitto/config/passwords".
1767103090: mosquitto version 2.0.22 starting
1767103090: Config loaded from /mosquitto/config/mosquitto.conf.
1767103090: Error: Unable to open pwfile "/mosquitto/config/passwords".
1767103090: Error opening password file "/mosquitto/config/passwords".
1767103091: mosquitto version 2.0.22 starting
1767103091: Config loaded from /mosquitto/config/mosquitto.conf.
1767103091: Error: Unable to open pwfile "/mosquitto/config/passwords".
1767103091: Error opening password file "/mosquitto/config/passwords".
1767103092: mosquitto version 2.0.22 starting
1767103092: Config loaded from /mosquitto/config/mosquitto.conf.
1767103092: Error: Unable to open pwfile "/mosquitto/config/passwords".
1767103092: Error opening password file "/mosquitto/config/passwords".
1767103094: mosquitto version 2.0.22 starting
1767103094: Config loaded from /mosquitto/config/mosquitto.conf.
1767103094: Error: Unable to open pwfile "/mosquitto/config/passwords".
1767103094: Error opening password file "/mosquitto/config/passwords".
1767103098: mosquitto version 2.0.22 starting
1767103098: Config loaded from /mosquitto/config/mosquitto.conf.
1767103098: Error: Unable to open pwfile "/mosquitto/config/passwords".
1767103098: Error opening password file "/mosquitto/config/passwords".
1767103104: mosquitto version 2.0.22 starting
1767103104: Config loaded from /mosquitto/config/mosquitto.conf.
1767103104: Error: Unable to open pwfile "/mosquitto/config/passwords".
1767103104: Error opening password file "/mosquitto/config/passwords".
1767103119: mosquitto version 2.0.22 starting
1767103119: Config loaded from /mosquitto/config/mosquitto.conf.
1767103119: Error: Unable to open pwfile "/mosquitto/config/passwords".
1767103119: Error opening password file "/mosquitto/config/passwords".
1767103146: mosquitto version 2.0.22 starting
1767103146: Config loaded from /mosquitto/config/mosquitto.conf.
1767103146: Error: Unable to open pwfile "/mosquitto/config/passwords".
1767103146: Error opening password file "/mosquitto/config/passwords".
1767103198: mosquitto version 2.0.22 starting
1767103198: Config loaded from /mosquitto/config/mosquitto.conf.
1767103198: Error: Unable to open pwfile "/mosquitto/config/passwords".
1767103198: Error opening password file "/mosquitto/config/passwords".
1767103261: mosquitto version 2.0.22 starting
1767103261: Config loaded from /mosquitto/config/mosquitto.conf.
1767103261: Error: Unable to open pwfile "/mosquitto/config/passwords".
1767103261: Error opening password file "/mosquitto/config/passwords".
1767103323: mosquitto version 2.0.22 starting
1767103323: Config loaded from /mosquitto/config/mosquitto.conf.
1767103323: Error: Unable to open pwfile "/mosquitto/config/passwords".
1767103323: Error opening password file "/mosquitto/config/passwords".
1767103386: mosquitto version 2.0.22 starting
1767103386: Config loaded from /mosquitto/config/mosquitto.conf.
1767103386: Error: Unable to open pwfile "/mosquitto/config/passwords".
1767103386: Error opening password file "/mosquitto/config/passwords".
1767103449: mosquitto version 2.0.22 starting
1767103449: Config loaded from /mosquitto/config/mosquitto.conf.
1767103449: Error: Unable to open pwfile "/mosquitto/config/passwords".
1767103449: Error opening password file "/mosquitto/config/passwords".
1767103511: mosquitto version 2.0.22 starting
1767103511: Config loaded from /mosquitto/config/mosquitto.conf.
1767103511: Error: Unable to open pwfile "/mosquitto/config/passwords".
1767103511: Error opening password file "/mosquitto/config/passwords".
1767103574: mosquitto version 2.0.22 starting
1767103574: Config loaded from /mosquitto/config/mosquitto.conf.
1767103574: Error: Unable to open pwfile "/mosquitto/config/passwords".
1767103574: Error opening password file "/mosquitto/config/passwords".
1767103636: mosquitto version 2.0.22 starting
1767103636: Config loaded from /mosquitto/config/mosquitto.conf.
1767103636: Error: Unable to open pwfile "/mosquitto/config/passwords".
1767103636: Error opening password file "/mosquitto/config/passwords".
1767103699: mosquitto version 2.0.22 starting
1767103699: Config loaded from /mosquitto/config/mosquitto.conf.
1767103699: Error: Unable to open pwfile "/mosquitto/config/passwords".
1767103699: Error opening password file "/mosquitto/config/passwords".
1767103762: mosquitto version 2.0.22 starting
1767103762: Config loaded from /mosquitto/config/mosquitto.conf.
1767103762: Error: Unable to open pwfile "/mosquitto/config/passwords".
1767103762: Error opening password file "/mosquitto/config/passwords".
1767103824: mosquitto version 2.0.22 starting
1767103824: Config loaded from /mosquitto/config/mosquitto.conf.
1767103824: Error: Unable to open pwfile "/mosquitto/config/passwords".
1767103824: Error opening password file "/mosquitto/config/passwords".
1767103887: mosquitto version 2.0.22 starting
1767103887: Config loaded from /mosquitto/config/mosquitto.conf.
1767103887: Error: Unable to open pwfile "/mosquitto/config/passwords".
1767103887: Error opening password file "/mosquitto/config/passwords".
1767103949: mosquitto version 2.0.22 starting
1767103949: Config loaded from /mosquitto/config/mosquitto.conf.
1767103949: Error: Unable to open pwfile "/mosquitto/config/passwords".
1767103949: Error opening password file "/mosquitto/config/passwords".
1767104012: mosquitto version 2.0.22 starting
1767104012: Config loaded from /mosquitto/config/mosquitto.conf.
1767104012: Error: Unable to open pwfile "/mosquitto/config/passwords".
1767104012: Error opening password file "/mosquitto/config/passwords".
1767104075: mosquitto version 2.0.22 starting
1767104075: Config loaded from /mosquitto/config/mosquitto.conf.
1767104075: Error: Unable to open pwfile "/mosquitto/config/passwords".
1767104075: Error opening password file "/mosquitto/config/passwords".
1767104137: mosquitto version 2.0.22 starting
1767104137: Config loaded from /mosquitto/config/mosquitto.conf.
1767104137: Error: Unable to open pwfile "/mosquitto/config/passwords".
1767104137: Error opening password file "/mosquitto/config/passwords".
1767104200: mosquitto version 2.0.22 starting
1767104200: Config loaded from /mosquitto/config/mosquitto.conf.
1767104200: Error: Unable to open pwfile "/mosquitto/config/passwords".
1767104200: Error opening password file "/mosquitto/config/passwords".
1767104262: mosquitto version 2.0.22 starting
1767104262: Config loaded from /mosquitto/config/mosquitto.conf.
1767104262: Error: Unable to open pwfile "/mosquitto/config/passwords".
1767104262: Error opening password file "/mosquitto/config/passwords".
1767104325: mosquitto version 2.0.22 starting
1767104325: Config loaded from /mosquitto/config/mosquitto.conf.
1767104325: Error: Unable to open pwfile "/mosquitto/config/passwords".
1767104325: Error opening password file "/mosquitto/config/passwords".
1767104388: mosquitto version 2.0.22 starting
1767104388: Config loaded from /mosquitto/config/mosquitto.conf.
1767104388: Error: Unable to open pwfile "/mosquitto/config/passwords".
1767104388: Error opening password file "/mosquitto/config/passwords".
1767104452: mosquitto version 2.0.22 starting
1767104452: Config loaded from /mosquitto/config/mosquitto.conf.
1767104452: Error: Unable to open pwfile "/mosquitto/config/passwords".
1767104452: Error opening password file "/mosquitto/config/passwords".
1767104514: mosquitto version 2.0.22 starting
1767104514: Config loaded from /mosquitto/config/mosquitto.conf.
1767104514: Error: Unable to open pwfile "/mosquitto/config/passwords".
1767104514: Error opening password file "/mosquitto/config/passwords".
1767104577: mosquitto version 2.0.22 starting
1767104577: Config loaded from /mosquitto/config/mosquitto.conf.
1767104577: Error: Unable to open pwfile "/mosquitto/config/passwords".
1767104577: Error opening password file "/mosquitto/config/passwords".
1767104640: mosquitto version 2.0.22 starting
1767104640: Config loaded from /mosquitto/config/mosquitto.conf.
1767104640: Error: Unable to open pwfile "/mosquitto/config/passwords".
1767104640: Error opening password file "/mosquitto/config/passwords".
1767104703: mosquitto version 2.0.22 starting
1767104703: Config loaded from /mosquitto/config/mosquitto.conf.
1767104703: Error: Unable to open pwfile "/mosquitto/config/passwords".
1767104703: Error opening password file "/mosquitto/config/passwords".
1767104765: mosquitto version 2.0.22 starting
1767104765: Config loaded from /mosquitto/config/mosquitto.conf.
1767104765: Error: Unable to open pwfile "/mosquitto/config/passwords".
1767104765: Error opening password file "/mosquitto/config/passwords".
1767104828: mosquitto version 2.0.22 starting
1767104828: Config loaded from /mosquitto/config/mosquitto.conf.
1767104828: Error: Unable to open pwfile "/mosquitto/config/passwords".
1767104828: Error opening password file "/mosquitto/config/passwords".
1767104891: mosquitto version 2.0.22 starting
1767104891: Config loaded from /mosquitto/config/mosquitto.conf.
1767104891: Error: Unable to open pwfile "/mosquitto/config/passwords".
1767104891: Error opening password file "/mosquitto/config/passwords".
1767104954: mosquitto version 2.0.22 starting
1767104954: Config loaded from /mosquitto/config/mosquitto.conf.
1767104954: Error: Unable to open pwfile "/mosquitto/config/passwords".
1767104954: Error opening password file "/mosquitto/config/passwords".
1767105017: mosquitto version 2.0.22 starting
1767105017: Config loaded from /mosquitto/config/mosquitto.conf.
1767105017: Error: Unable to open pwfile "/mosquitto/config/passwords".
1767105017: Error opening password file "/mosquitto/config/passwords".
1767105079: mosquitto version 2.0.22 starting
1767105079: Config loaded from /mosquitto/config/mosquitto.conf.
1767105079: Error: Unable to open pwfile "/mosquitto/config/passwords".
1767105079: Error opening password file "/mosquitto/config/passwords".
1767105142: mosquitto version 2.0.22 starting
1767105142: Config loaded from /mosquitto/config/mosquitto.conf.
1767105142: Error: Unable to open pwfile "/mosquitto/config/passwords".
1767105142: Error opening password file "/mosquitto/config/passwords".
1767105205: mosquitto version 2.0.22 starting
1767105205: Config loaded from /mosquitto/config/mosquitto.conf.
1767105205: Error: Unable to open pwfile "/mosquitto/config/passwords".
1767105205: Error opening password file "/mosquitto/config/passwords".
1767105268: mosquitto version 2.0.22 starting
1767105268: Config loaded from /mosquitto/config/mosquitto.conf.
1767105268: Error: Unable to open pwfile "/mosquitto/config/passwords".
1767105268: Error opening password file "/mosquitto/config/passwords".
1767105331: mosquitto version 2.0.22 starting
1767105331: Config loaded from /mosquitto/config/mosquitto.conf.
1767105331: Error: Unable to open pwfile "/mosquitto/config/passwords".
1767105331: Error opening password file "/mosquitto/config/passwords".
1767105393: mosquitto version 2.0.22 starting
1767105393: Config loaded from /mosquitto/config/mosquitto.conf.
1767105393: Error: Unable to open pwfile "/mosquitto/config/passwords".
1767105393: Error opening password file "/mosquitto/config/passwords".
1767105456: mosquitto version 2.0.22 starting
1767105456: Config loaded from /mosquitto/config/mosquitto.conf.
1767105456: Error: Unable to open pwfile "/mosquitto/config/passwords".
1767105456: Error opening password file "/mosquitto/config/passwords".
1767105519: mosquitto version 2.0.22 starting
1767105519: Config loaded from /mosquitto/config/mosquitto.conf.
1767105519: Error: Unable to open pwfile "/mosquitto/config/passwords".
1767105519: Error opening password file "/mosquitto/config/passwords".
1767105582: mosquitto version 2.0.22 starting
1767105582: Config loaded from /mosquitto/config/mosquitto.conf.
1767105582: Error: Unable to open pwfile "/mosquitto/config/passwords".
1767105582: Error opening password file "/mosquitto/config/passwords".
1767105645: mosquitto version 2.0.22 starting
1767105645: Config loaded from /mosquitto/config/mosquitto.conf.
1767105645: Error: Unable to open pwfile "/mosquitto/config/passwords".
1767105645: Error opening password file "/mosquitto/config/passwords".
1767105708: mosquitto version 2.0.22 starting
1767105708: Config loaded from /mosquitto/config/mosquitto.conf.
1767105708: Error: Unable to open pwfile "/mosquitto/config/passwords".
1767105708: Error opening password file "/mosquitto/config/passwords".
1767105770: mosquitto version 2.0.22 starting
1767105770: Config loaded from /mosquitto/config/mosquitto.conf.
1767105770: Error: Unable to open pwfile "/mosquitto/config/passwords".
1767105770: Error opening password file "/mosquitto/config/passwords".
1767105833: mosquitto version 2.0.22 starting
1767105833: Config loaded from /mosquitto/config/mosquitto.conf.
1767105833: Error: Unable to open pwfile "/mosquitto/config/passwords".
1767105833: Error opening password file "/mosquitto/config/passwords".
1767105896: mosquitto version 2.0.22 starting
1767105896: Config loaded from /mosquitto/config/mosquitto.conf.
1767105896: Error: Unable to open pwfile "/mosquitto/config/passwords".
1767105896: Error opening password file "/mosquitto/config/passwords".
1767105959: mosquitto version 2.0.22 starting
1767105959: Config loaded from /mosquitto/config/mosquitto.conf.
1767105959: Error: Unable to open pwfile "/mosquitto/config/passwords".
1767105959: Error opening password file "/mosquitto/config/passwords".
1767106022: mosquitto version 2.0.22 starting
1767106022: Config loaded from /mosquitto/config/mosquitto.conf.
1767106022: Error: Unable to open pwfile "/mosquitto/config/passwords".
1767106022: Error opening password file "/mosquitto/config/passwords".
1767106085: mosquitto version 2.0.22 starting
1767106085: Config loaded from /mosquitto/config/mosquitto.conf.
1767106085: Error: Unable to open pwfile "/mosquitto/config/passwords".
1767106085: Error opening password file "/mosquitto/config/passwords".
1767106148: mosquitto version 2.0.22 starting
1767106148: Config loaded from /mosquitto/config/mosquitto.conf.
1767106148: Error: Unable to open pwfile "/mosquitto/config/passwords".
1767106148: Error opening password file "/mosquitto/config/passwords".
1767106211: mosquitto version 2.0.22 starting
1767106211: Config loaded from /mosquitto/config/mosquitto.conf.
1767106211: Error: Unable to open pwfile "/mosquitto/config/passwords".
1767106211: Error opening password file "/mosquitto/config/passwords".
1767106273: mosquitto version 2.0.22 starting
1767106273: Config loaded from /mosquitto/config/mosquitto.conf.
1767106273: Error: Unable to open pwfile "/mosquitto/config/passwords".
1767106273: Error opening password file "/mosquitto/config/passwords".
1767106336: mosquitto version 2.0.22 starting
1767106336: Config loaded from /mosquitto/config/mosquitto.conf.
1767106336: Error: Unable to open pwfile "/mosquitto/config/passwords".
1767106336: Error opening password file "/mosquitto/config/passwords".
1767106399: mosquitto version 2.0.22 starting
1767106399: Config loaded from /mosquitto/config/mosquitto.conf.
1767106399: Error: Unable to open pwfile "/mosquitto/config/passwords".
1767106399: Error opening password file "/mosquitto/config/passwords".
1767106462: mosquitto version 2.0.22 starting
1767106462: Config loaded from /mosquitto/config/mosquitto.conf.
1767106462: Error: Unable to open pwfile "/mosquitto/config/passwords".
1767106462: Error opening password file "/mosquitto/config/passwords".
1767106525: mosquitto version 2.0.22 starting
1767106525: Config loaded from /mosquitto/config/mosquitto.conf.
1767106525: Error: Unable to open pwfile "/mosquitto/config/passwords".
1767106525: Error opening password file "/mosquitto/config/passwords".
1767106588: mosquitto version 2.0.22 starting
1767106588: Config loaded from /mosquitto/config/mosquitto.conf.
1767106588: Error: Unable to open pwfile "/mosquitto/config/passwords".
1767106588: Error opening password file "/mosquitto/config/passwords".
1767106651: mosquitto version 2.0.22 starting
1767106651: Config loaded from /mosquitto/config/mosquitto.conf.
1767106651: Error: Unable to open pwfile "/mosquitto/config/passwords".
1767106651: Error opening password file "/mosquitto/config/passwords".
1767106714: mosquitto version 2.0.22 starting
1767106714: Config loaded from /mosquitto/config/mosquitto.conf.
1767106714: Error: Unable to open pwfile "/mosquitto/config/passwords".
1767106714: Error opening password file "/mosquitto/config/passwords".
1767106777: mosquitto version 2.0.22 starting
1767106777: Config loaded from /mosquitto/config/mosquitto.conf.
1767106777: Error: Unable to open pwfile "/mosquitto/config/passwords".
1767106777: Error opening password file "/mosquitto/config/passwords".
1767106840: mosquitto version 2.0.22 starting
1767106840: Config loaded from /mosquitto/config/mosquitto.conf.
1767106840: Error: Unable to open pwfile "/mosquitto/config/passwords".
1767106840: Error opening password file "/mosquitto/config/passwords".
1767106902: mosquitto version 2.0.22 starting
1767106902: Config loaded from /mosquitto/config/mosquitto.conf.
1767106902: Error: Unable to open pwfile "/mosquitto/config/passwords".
1767106902: Error opening password file "/mosquitto/config/passwords".
1767106965: mosquitto version 2.0.22 starting
1767106965: Config loaded from /mosquitto/config/mosquitto.conf.
1767106965: Error: Unable to open pwfile "/mosquitto/config/passwords".
1767106965: Error opening password file "/mosquitto/config/passwords".
1767107028: mosquitto version 2.0.22 starting
1767107028: Config loaded from /mosquitto/config/mosquitto.conf.
1767107028: Error: Unable to open pwfile "/mosquitto/config/passwords".
1767107028: Error opening password file "/mosquitto/config/passwords".
1767107091: mosquitto version 2.0.22 starting
1767107091: Config loaded from /mosquitto/config/mosquitto.conf.
1767107091: Error: Unable to open pwfile "/mosquitto/config/passwords".
1767107091: Error opening password file "/mosquitto/config/passwords".
1767107154: mosquitto version 2.0.22 starting
1767107154: Config loaded from /mosquitto/config/mosquitto.conf.
1767107154: Error: Unable to open pwfile "/mosquitto/config/passwords".
1767107154: Error opening password file "/mosquitto/config/passwords".
1767107217: mosquitto version 2.0.22 starting
1767107217: Config loaded from /mosquitto/config/mosquitto.conf.
1767107217: Error: Unable to open pwfile "/mosquitto/config/passwords".
1767107217: Error opening password file "/mosquitto/config/passwords".
1767107280: mosquitto version 2.0.22 starting
1767107280: Config loaded from /mosquitto/config/mosquitto.conf.
1767107280: Error: Unable to open pwfile "/mosquitto/config/passwords".
1767107280: Error opening password file "/mosquitto/config/passwords".
1767107343: mosquitto version 2.0.22 starting
1767107343: Config loaded from /mosquitto/config/mosquitto.conf.
1767107343: Error: Unable to open pwfile "/mosquitto/config/passwords".
1767107343: Error opening password file "/mosquitto/config/passwords".
1767107406: mosquitto version 2.0.22 starting
1767107406: Config loaded from /mosquitto/config/mosquitto.conf.
1767107406: Error: Unable to open pwfile "/mosquitto/config/passwords".
1767107406: Error opening password file "/mosquitto/config/passwords".
1767107469: mosquitto version 2.0.22 starting
1767107469: Config loaded from /mosquitto/config/mosquitto.conf.
1767107469: Error: Unable to open pwfile "/mosquitto/config/passwords".
1767107469: Error opening password file "/mosquitto/config/passwords".
1767107532: mosquitto version 2.0.22 starting
1767107532: Config loaded from /mosquitto/config/mosquitto.conf.
1767107532: Error: Unable to open pwfile "/mosquitto/config/passwords".
1767107532: Error opening password file "/mosquitto/config/passwords".
1767107595: mosquitto version 2.0.22 starting
1767107595: Config loaded from /mosquitto/config/mosquitto.conf.
1767107595: Error: Unable to open pwfile "/mosquitto/config/passwords".
1767107595: Error opening password file "/mosquitto/config/passwords".
1767107657: mosquitto version 2.0.22 starting
1767107657: Config loaded from /mosquitto/config/mosquitto.conf.
1767107657: Error: Unable to open pwfile "/mosquitto/config/passwords".
1767107657: Error opening password file "/mosquitto/config/passwords".
1767107720: mosquitto version 2.0.22 starting
1767107720: Config loaded from /mosquitto/config/mosquitto.conf.
1767107720: Error: Unable to open pwfile "/mosquitto/config/passwords".
1767107720: Error opening password file "/mosquitto/config/passwords".
1767107783: mosquitto version 2.0.22 starting
1767107783: Config loaded from /mosquitto/config/mosquitto.conf.
1767107783: Error: Unable to open pwfile "/mosquitto/config/passwords".
1767107783: Error opening password file "/mosquitto/config/passwords".
1767107846: mosquitto version 2.0.22 starting
1767107846: Config loaded from /mosquitto/config/mosquitto.conf.
1767107846: Error: Unable to open pwfile "/mosquitto/config/passwords".
1767107846: Error opening password file "/mosquitto/config/passwords".
1767107909: mosquitto version 2.0.22 starting
1767107909: Config loaded from /mosquitto/config/mosquitto.conf.
1767107909: Error: Unable to open pwfile "/mosquitto/config/passwords".
1767107909: Error opening password file "/mosquitto/config/passwords".
1767107972: mosquitto version 2.0.22 starting
1767107972: Config loaded from /mosquitto/config/mosquitto.conf.
1767107972: Error: Unable to open pwfile "/mosquitto/config/passwords".
1767107972: Error opening password file "/mosquitto/config/passwords".
1767108035: mosquitto version 2.0.22 starting
1767108035: Config loaded from /mosquitto/config/mosquitto.conf.
1767108035: Error: Unable to open pwfile "/mosquitto/config/passwords".
1767108035: Error opening password file "/mosquitto/config/passwords".
1767108098: mosquitto version 2.0.22 starting
1767108098: Config loaded from /mosquitto/config/mosquitto.conf.
1767108098: Error: Unable to open pwfile "/mosquitto/config/passwords".
1767108098: Error opening password file "/mosquitto/config/passwords".
1767108161: mosquitto version 2.0.22 starting
1767108161: Config loaded from /mosquitto/config/mosquitto.conf.
1767108161: Error: Unable to open pwfile "/mosquitto/config/passwords".
1767108161: Error opening password file "/mosquitto/config/passwords".
1767108224: mosquitto version 2.0.22 starting
1767108224: Config loaded from /mosquitto/config/mosquitto.conf.
1767108224: Error: Unable to open pwfile "/mosquitto/config/passwords".
1767108224: Error opening password file "/mosquitto/config/passwords".
1767108286: mosquitto version 2.0.22 starting
1767108286: Config loaded from /mosquitto/config/mosquitto.conf.
1767108286: Error: Unable to open pwfile "/mosquitto/config/passwords".
1767108286: Error opening password file "/mosquitto/config/passwords".
1767108349: mosquitto version 2.0.22 starting
1767108349: Config loaded from /mosquitto/config/mosquitto.conf.
1767108349: Error: Unable to open pwfile "/mosquitto/config/passwords".
1767108349: Error opening password file "/mosquitto/config/passwords".
1767108412: mosquitto version 2.0.22 starting
1767108412: Config loaded from /mosquitto/config/mosquitto.conf.
1767108412: Error: Unable to open pwfile "/mosquitto/config/passwords".
1767108412: Error opening password file "/mosquitto/config/passwords".
1767108475: mosquitto version 2.0.22 starting
1767108475: Config loaded from /mosquitto/config/mosquitto.conf.
1767108475: Error: Unable to open pwfile "/mosquitto/config/passwords".
1767108475: Error opening password file "/mosquitto/config/passwords".
1767108538: mosquitto version 2.0.22 starting
1767108538: Config loaded from /mosquitto/config/mosquitto.conf.
1767108538: Error: Unable to open pwfile "/mosquitto/config/passwords".
1767108538: Error opening password file "/mosquitto/config/passwords".
1767108601: mosquitto version 2.0.22 starting
1767108601: Config loaded from /mosquitto/config/mosquitto.conf.
1767108601: Error: Unable to open pwfile "/mosquitto/config/passwords".
1767108601: Error opening password file "/mosquitto/config/passwords".
1767108664: mosquitto version 2.0.22 starting
1767108664: Config loaded from /mosquitto/config/mosquitto.conf.
1767108664: Error: Unable to open pwfile "/mosquitto/config/passwords".
1767108664: Error opening password file "/mosquitto/config/passwords".
1767108727: mosquitto version 2.0.22 starting
1767108727: Config loaded from /mosquitto/config/mosquitto.conf.
1767108727: Error: Unable to open pwfile "/mosquitto/config/passwords".
1767108727: Error opening password file "/mosquitto/config/passwords".
1767108790: mosquitto version 2.0.22 starting
1767108790: Config loaded from /mosquitto/config/mosquitto.conf.
1767108790: Error: Unable to open pwfile "/mosquitto/config/passwords".
1767108790: Error opening password file "/mosquitto/config/passwords".
1767108852: mosquitto version 2.0.22 starting
1767108852: Config loaded from /mosquitto/config/mosquitto.conf.
1767108852: Error: Unable to open pwfile "/mosquitto/config/passwords".
1767108852: Error opening password file "/mosquitto/config/passwords".
1767108915: mosquitto version 2.0.22 starting
1767108915: Config loaded from /mosquitto/config/mosquitto.conf.
1767108915: Error: Unable to open pwfile "/mosquitto/config/passwords".
1767108915: Error opening password file "/mosquitto/config/passwords".
1767108978: mosquitto version 2.0.22 starting
1767108978: Config loaded from /mosquitto/config/mosquitto.conf.
1767108978: Error: Unable to open pwfile "/mosquitto/config/passwords".
1767108978: Error opening password file "/mosquitto/config/passwords".
1767109041: mosquitto version 2.0.22 starting
1767109041: Config loaded from /mosquitto/config/mosquitto.conf.
1767109041: Error: Unable to open pwfile "/mosquitto/config/passwords".
1767109041: Error opening password file "/mosquitto/config/passwords".
1767109104: mosquitto version 2.0.22 starting
1767109104: Config loaded from /mosquitto/config/mosquitto.conf.
1767109104: Error: Unable to open pwfile "/mosquitto/config/passwords".
1767109104: Error opening password file "/mosquitto/config/passwords".
1767109167: mosquitto version 2.0.22 starting
1767109167: Config loaded from /mosquitto/config/mosquitto.conf.
1767109167: Error: Unable to open pwfile "/mosquitto/config/passwords".
1767109167: Error opening password file "/mosquitto/config/passwords".
1767109230: mosquitto version 2.0.22 starting
1767109230: Config loaded from /mosquitto/config/mosquitto.conf.
1767109230: Error: Unable to open pwfile "/mosquitto/config/passwords".
1767109230: Error opening password file "/mosquitto/config/passwords".
1767109293: mosquitto version 2.0.22 starting
1767109293: Config loaded from /mosquitto/config/mosquitto.conf.
1767109293: Error: Unable to open pwfile "/mosquitto/config/passwords".
1767109293: Error opening password file "/mosquitto/config/passwords".
1767109355: mosquitto version 2.0.22 starting
1767109355: Config loaded from /mosquitto/config/mosquitto.conf.
1767109355: Error: Unable to open pwfile "/mosquitto/config/passwords".
1767109355: Error opening password file "/mosquitto/config/passwords".
1767109418: mosquitto version 2.0.22 starting
1767109418: Config loaded from /mosquitto/config/mosquitto.conf.
1767109418: Error: Unable to open pwfile "/mosquitto/config/passwords".
1767109418: Error opening password file "/mosquitto/config/passwords".
1767109481: mosquitto version 2.0.22 starting
1767109481: Config loaded from /mosquitto/config/mosquitto.conf.
1767109481: Error: Unable to open pwfile "/mosquitto/config/passwords".
1767109481: Error opening password file "/mosquitto/config/passwords".
1767109544: mosquitto version 2.0.22 starting
1767109544: Config loaded from /mosquitto/config/mosquitto.conf.
1767109544: Error: Unable to open pwfile "/mosquitto/config/passwords".
1767109544: Error opening password file "/mosquitto/config/passwords".
1767109607: mosquitto version 2.0.22 starting
1767109607: Config loaded from /mosquitto/config/mosquitto.conf.
1767109607: Error: Unable to open pwfile "/mosquitto/config/passwords".
1767109607: Error opening password file "/mosquitto/config/passwords".
1767109670: mosquitto version 2.0.22 starting
1767109670: Config loaded from /mosquitto/config/mosquitto.conf.
1767109670: Error: Unable to open pwfile "/mosquitto/config/passwords".
1767109670: Error opening password file "/mosquitto/config/passwords".
1767109733: mosquitto version 2.0.22 starting
1767109733: Config loaded from /mosquitto/config/mosquitto.conf.
1767109733: Error: Unable to open pwfile "/mosquitto/config/passwords".
1767109733: Error opening password file "/mosquitto/config/passwords".
1767109795: mosquitto version 2.0.22 starting
1767109795: Config loaded from /mosquitto/config/mosquitto.conf.
1767109795: Error: Unable to open pwfile "/mosquitto/config/passwords".
1767109795: Error opening password file "/mosquitto/config/passwords".
1767109859: mosquitto version 2.0.22 starting
1767109859: Config loaded from /mosquitto/config/mosquitto.conf.
1767109859: Error: Unable to open pwfile "/mosquitto/config/passwords".
1767109859: Error opening password file "/mosquitto/config/passwords".
1767109921: mosquitto version 2.0.22 starting
1767109921: Config loaded from /mosquitto/config/mosquitto.conf.
1767109921: Error: Unable to open pwfile "/mosquitto/config/passwords".
1767109921: Error opening password file "/mosquitto/config/passwords".
1767109984: mosquitto version 2.0.22 starting
1767109984: Config loaded from /mosquitto/config/mosquitto.conf.
1767109984: Error: Unable to open pwfile "/mosquitto/config/passwords".
1767109984: Error opening password file "/mosquitto/config/passwords".
1767110047: mosquitto version 2.0.22 starting
1767110047: Config loaded from /mosquitto/config/mosquitto.conf.
1767110047: Error: Unable to open pwfile "/mosquitto/config/passwords".
1767110047: Error opening password file "/mosquitto/config/passwords".
1767110110: mosquitto version 2.0.22 starting
1767110110: Config loaded from /mosquitto/config/mosquitto.conf.
1767110110: Error: Unable to open pwfile "/mosquitto/config/passwords".
1767110110: Error opening password file "/mosquitto/config/passwords".
1767110172: mosquitto version 2.0.22 starting
1767110172: Config loaded from /mosquitto/config/mosquitto.conf.
1767110172: Error: Unable to open pwfile "/mosquitto/config/passwords".
1767110172: Error opening password file "/mosquitto/config/passwords".
1767110235: mosquitto version 2.0.22 starting
1767110235: Config loaded from /mosquitto/config/mosquitto.conf.
1767110235: Error: Unable to open pwfile "/mosquitto/config/passwords".
1767110235: Error opening password file "/mosquitto/config/passwords".
1767110298: mosquitto version 2.0.22 starting
1767110298: Config loaded from /mosquitto/config/mosquitto.conf.
1767110298: Error: Unable to open pwfile "/mosquitto/config/passwords".
1767110298: Error opening password file "/mosquitto/config/passwords".
1767110361: mosquitto version 2.0.22 starting
1767110361: Config loaded from /mosquitto/config/mosquitto.conf.
1767110361: Error: Unable to open pwfile "/mosquitto/config/passwords".
1767110361: Error opening password file "/mosquitto/config/passwords".
1767110424: mosquitto version 2.0.22 starting
1767110424: Config loaded from /mosquitto/config/mosquitto.conf.
1767110424: Error: Unable to open pwfile "/mosquitto/config/passwords".
1767110424: Error opening password file "/mosquitto/config/passwords".
1767110487: mosquitto version 2.0.22 starting
1767110487: Config loaded from /mosquitto/config/mosquitto.conf.
1767110487: Error: Unable to open pwfile "/mosquitto/config/passwords".
1767110487: Error opening password file "/mosquitto/config/passwords".
1767110550: mosquitto version 2.0.22 starting
1767110550: Config loaded from /mosquitto/config/mosquitto.conf.
1767110550: Error: Unable to open pwfile "/mosquitto/config/passwords".
1767110550: Error opening password file "/mosquitto/config/passwords".
1767110612: mosquitto version 2.0.22 starting
1767110612: Config loaded from /mosquitto/config/mosquitto.conf.
1767110612: Error: Unable to open pwfile "/mosquitto/config/passwords".
1767110612: Error opening password file "/mosquitto/config/passwords".
1767110675: mosquitto version 2.0.22 starting
1767110675: Config loaded from /mosquitto/config/mosquitto.conf.
1767110675: Error: Unable to open pwfile "/mosquitto/config/passwords".
1767110675: Error opening password file "/mosquitto/config/passwords".
1767110738: mosquitto version 2.0.22 starting
1767110738: Config loaded from /mosquitto/config/mosquitto.conf.
1767110738: Error: Unable to open pwfile "/mosquitto/config/passwords".
1767110738: Error opening password file "/mosquitto/config/passwords".
1767110801: mosquitto version 2.0.22 starting
1767110801: Config loaded from /mosquitto/config/mosquitto.conf.
1767110801: Error: Unable to open pwfile "/mosquitto/config/passwords".
1767110801: Error opening password file "/mosquitto/config/passwords".
1767110864: mosquitto version 2.0.22 starting
1767110864: Config loaded from /mosquitto/config/mosquitto.conf.
1767110864: Error: Unable to open pwfile "/mosquitto/config/passwords".
1767110864: Error opening password file "/mosquitto/config/passwords".
1767110927: mosquitto version 2.0.22 starting
1767110927: Config loaded from /mosquitto/config/mosquitto.conf.
1767110927: Error: Unable to open pwfile "/mosquitto/config/passwords".
1767110927: Error opening password file "/mosquitto/config/passwords".
1767110989: mosquitto version 2.0.22 starting
1767110989: Config loaded from /mosquitto/config/mosquitto.conf.
1767110989: Error: Unable to open pwfile "/mosquitto/config/passwords".
1767110989: Error opening password file "/mosquitto/config/passwords".
1767111052: mosquitto version 2.0.22 starting
1767111052: Config loaded from /mosquitto/config/mosquitto.conf.
1767111052: Error: Unable to open pwfile "/mosquitto/config/passwords".
1767111052: Error opening password file "/mosquitto/config/passwords".
1767111115: mosquitto version 2.0.22 starting
1767111115: Config loaded from /mosquitto/config/mosquitto.conf.
1767111115: Error: Unable to open pwfile "/mosquitto/config/passwords".
1767111115: Error opening password file "/mosquitto/config/passwords".
1767111179: mosquitto version 2.0.22 starting
1767111179: Config loaded from /mosquitto/config/mosquitto.conf.
1767111179: Error: Unable to open pwfile "/mosquitto/config/passwords".
1767111179: Error opening password file "/mosquitto/config/passwords".
1767111242: mosquitto version 2.0.22 starting
1767111242: Config loaded from /mosquitto/config/mosquitto.conf.
1767111242: Error: Unable to open pwfile "/mosquitto/config/passwords".
1767111242: Error opening password file "/mosquitto/config/passwords".
1767111304: mosquitto version 2.0.22 starting
1767111304: Config loaded from /mosquitto/config/mosquitto.conf.
1767111304: Error: Unable to open pwfile "/mosquitto/config/passwords".
1767111304: Error opening password file "/mosquitto/config/passwords".
1767111367: mosquitto version 2.0.22 starting
1767111367: Config loaded from /mosquitto/config/mosquitto.conf.
1767111367: Error: Unable to open pwfile "/mosquitto/config/passwords".
1767111367: Error opening password file "/mosquitto/config/passwords".
1767111430: mosquitto version 2.0.22 starting
1767111430: Config loaded from /mosquitto/config/mosquitto.conf.
1767111430: Error: Unable to open pwfile "/mosquitto/config/passwords".
1767111430: Error opening password file "/mosquitto/config/passwords".
1767111493: mosquitto version 2.0.22 starting
1767111493: Config loaded from /mosquitto/config/mosquitto.conf.
1767111493: Error: Unable to open pwfile "/mosquitto/config/passwords".
1767111493: Error opening password file "/mosquitto/config/passwords".
1767111556: mosquitto version 2.0.22 starting
1767111556: Config loaded from /mosquitto/config/mosquitto.conf.
1767111556: Error: Unable to open pwfile "/mosquitto/config/passwords".
1767111556: Error opening password file "/mosquitto/config/passwords".
1767111618: mosquitto version 2.0.22 starting
1767111618: Config loaded from /mosquitto/config/mosquitto.conf.
1767111618: Error: Unable to open pwfile "/mosquitto/config/passwords".
1767111618: Error opening password file "/mosquitto/config/passwords".
1767111681: mosquitto version 2.0.22 starting
1767111681: Config loaded from /mosquitto/config/mosquitto.conf.
1767111681: Error: Unable to open pwfile "/mosquitto/config/passwords".
1767111681: Error opening password file "/mosquitto/config/passwords".
1767111744: mosquitto version 2.0.22 starting
1767111744: Config loaded from /mosquitto/config/mosquitto.conf.
1767111744: Error: Unable to open pwfile "/mosquitto/config/passwords".
1767111744: Error opening password file "/mosquitto/config/passwords".
1767111807: mosquitto version 2.0.22 starting
1767111807: Config loaded from /mosquitto/config/mosquitto.conf.
1767111807: Error: Unable to open pwfile "/mosquitto/config/passwords".
1767111807: Error opening password file "/mosquitto/config/passwords".
1767111869: mosquitto version 2.0.22 starting
1767111869: Config loaded from /mosquitto/config/mosquitto.conf.
1767111869: Error: Unable to open pwfile "/mosquitto/config/passwords".
1767111869: Error opening password file "/mosquitto/config/passwords".
1767111932: mosquitto version 2.0.22 starting
1767111932: Config loaded from /mosquitto/config/mosquitto.conf.
1767111932: Error: Unable to open pwfile "/mosquitto/config/passwords".
1767111932: Error opening password file "/mosquitto/config/passwords".
1767111995: mosquitto version 2.0.22 starting
1767111995: Config loaded from /mosquitto/config/mosquitto.conf.
1767111995: Error: Unable to open pwfile "/mosquitto/config/passwords".
1767111995: Error opening password file "/mosquitto/config/passwords".
1767112058: mosquitto version 2.0.22 starting
1767112058: Config loaded from /mosquitto/config/mosquitto.conf.
1767112058: Error: Unable to open pwfile "/mosquitto/config/passwords".
1767112058: Error opening password file "/mosquitto/config/passwords".
1767112120: mosquitto version 2.0.22 starting
1767112120: Config loaded from /mosquitto/config/mosquitto.conf.
1767112120: Error: Unable to open pwfile "/mosquitto/config/passwords".
1767112120: Error opening password file "/mosquitto/config/passwords".
1767112183: mosquitto version 2.0.22 starting
1767112183: Config loaded from /mosquitto/config/mosquitto.conf.
1767112183: Error: Unable to open pwfile "/mosquitto/config/passwords".
1767112183: Error opening password file "/mosquitto/config/passwords".
1767112246: mosquitto version 2.0.22 starting
1767112246: Config loaded from /mosquitto/config/mosquitto.conf.
1767112246: Error: Unable to open pwfile "/mosquitto/config/passwords".
1767112246: Error opening password file "/mosquitto/config/passwords".
1767112309: mosquitto version 2.0.22 starting
1767112309: Config loaded from /mosquitto/config/mosquitto.conf.
1767112309: Error: Unable to open pwfile "/mosquitto/config/passwords".
1767112309: Error opening password file "/mosquitto/config/passwords".
1767112371: mosquitto version 2.0.22 starting
1767112371: Config loaded from /mosquitto/config/mosquitto.conf.
1767112371: Error: Unable to open pwfile "/mosquitto/config/passwords".
1767112371: Error opening password file "/mosquitto/config/passwords".
1767112434: mosquitto version 2.0.22 starting
1767112434: Config loaded from /mosquitto/config/mosquitto.conf.
1767112434: Error: Unable to open pwfile "/mosquitto/config/passwords".
1767112434: Error opening password file "/mosquitto/config/passwords".
1767112497: mosquitto version 2.0.22 starting
1767112497: Config loaded from /mosquitto/config/mosquitto.conf.
1767112497: Error: Unable to open pwfile "/mosquitto/config/passwords".
1767112497: Error opening password file "/mosquitto/config/passwords".
1767112559: mosquitto version 2.0.22 starting
1767112559: Config loaded from /mosquitto/config/mosquitto.conf.
1767112559: Error: Unable to open pwfile "/mosquitto/config/passwords".
1767112559: Error opening password file "/mosquitto/config/passwords".
1767112622: mosquitto version 2.0.22 starting
1767112622: Config loaded from /mosquitto/config/mosquitto.conf.
1767112622: Error: Unable to open pwfile "/mosquitto/config/passwords".
1767112622: Error opening password file "/mosquitto/config/passwords".
1767112685: mosquitto version 2.0.22 starting
1767112685: Config loaded from /mosquitto/config/mosquitto.conf.
1767112685: Error: Unable to open pwfile "/mosquitto/config/passwords".
1767112685: Error opening password file "/mosquitto/config/passwords".
1767112748: mosquitto version 2.0.22 starting
1767112748: Config loaded from /mosquitto/config/mosquitto.conf.
1767112748: Error: Unable to open pwfile "/mosquitto/config/passwords".
1767112748: Error opening password file "/mosquitto/config/passwords".
1767112810: mosquitto version 2.0.22 starting
1767112810: Config loaded from /mosquitto/config/mosquitto.conf.
1767112810: Error: Unable to open pwfile "/mosquitto/config/passwords".
1767112810: Error opening password file "/mosquitto/config/passwords".
1767112873: mosquitto version 2.0.22 starting
1767112873: Config loaded from /mosquitto/config/mosquitto.conf.
1767112873: Error: Unable to open pwfile "/mosquitto/config/passwords".
1767112873: Error opening password file "/mosquitto/config/passwords".
1767112936: mosquitto version 2.0.22 starting
1767112936: Config loaded from /mosquitto/config/mosquitto.conf.
1767112936: Error: Unable to open pwfile "/mosquitto/config/passwords".
1767112936: Error opening password file "/mosquitto/config/passwords".
1767112999: mosquitto version 2.0.22 starting
1767112999: Config loaded from /mosquitto/config/mosquitto.conf.
1767112999: Error: Unable to open pwfile "/mosquitto/config/passwords".
1767112999: Error opening password file "/mosquitto/config/passwords".
1767113061: mosquitto version 2.0.22 starting
1767113061: Config loaded from /mosquitto/config/mosquitto.conf.
1767113061: Error: Unable to open pwfile "/mosquitto/config/passwords".
1767113061: Error opening password file "/mosquitto/config/passwords".
1767113124: mosquitto version 2.0.22 starting
1767113124: Config loaded from /mosquitto/config/mosquitto.conf.
1767113124: Error: Unable to open pwfile "/mosquitto/config/passwords".
1767113124: Error opening password file "/mosquitto/config/passwords".
1767113187: mosquitto version 2.0.22 starting
1767113187: Config loaded from /mosquitto/config/mosquitto.conf.
1767113187: Error: Unable to open pwfile "/mosquitto/config/passwords".
1767113187: Error opening password file "/mosquitto/config/passwords".
1767113249: mosquitto version 2.0.22 starting
1767113249: Config loaded from /mosquitto/config/mosquitto.conf.
1767113249: Error: Unable to open pwfile "/mosquitto/config/passwords".
1767113249: Error opening password file "/mosquitto/config/passwords".
1767113312: mosquitto version 2.0.22 starting
1767113312: Config loaded from /mosquitto/config/mosquitto.conf.
1767113312: Error: Unable to open pwfile "/mosquitto/config/passwords".
1767113312: Error opening password file "/mosquitto/config/passwords".
1767113375: mosquitto version 2.0.22 starting
1767113375: Config loaded from /mosquitto/config/mosquitto.conf.
1767113375: Error: Unable to open pwfile "/mosquitto/config/passwords".
1767113375: Error opening password file "/mosquitto/config/passwords".
1767113437: mosquitto version 2.0.22 starting
1767113437: Config loaded from /mosquitto/config/mosquitto.conf.
1767113437: Error: Unable to open pwfile "/mosquitto/config/passwords".
1767113437: Error opening password file "/mosquitto/config/passwords".
1767113500: mosquitto version 2.0.22 starting
1767113500: Config loaded from /mosquitto/config/mosquitto.conf.
1767113500: Error: Unable to open pwfile "/mosquitto/config/passwords".
1767113500: Error opening password file "/mosquitto/config/passwords".
1767113563: mosquitto version 2.0.22 starting
1767113563: Config loaded from /mosquitto/config/mosquitto.conf.
1767113563: Error: Unable to open pwfile "/mosquitto/config/passwords".
1767113563: Error opening password file "/mosquitto/config/passwords".
1767113626: mosquitto version 2.0.22 starting
1767113626: Config loaded from /mosquitto/config/mosquitto.conf.
1767113626: Error: Unable to open pwfile "/mosquitto/config/passwords".
1767113626: Error opening password file "/mosquitto/config/passwords".
1767113688: mosquitto version 2.0.22 starting
1767113688: Config loaded from /mosquitto/config/mosquitto.conf.
1767113688: Error: Unable to open pwfile "/mosquitto/config/passwords".
1767113688: Error opening password file "/mosquitto/config/passwords".
1767113751: mosquitto version 2.0.22 starting
1767113751: Config loaded from /mosquitto/config/mosquitto.conf.
1767113751: Error: Unable to open pwfile "/mosquitto/config/passwords".
1767113751: Error opening password file "/mosquitto/config/passwords".
1767113814: mosquitto version 2.0.22 starting
1767113814: Config loaded from /mosquitto/config/mosquitto.conf.
1767113814: Error: Unable to open pwfile "/mosquitto/config/passwords".
1767113814: Error opening password file "/mosquitto/config/passwords".
1767113876: mosquitto version 2.0.22 starting
1767113876: Config loaded from /mosquitto/config/mosquitto.conf.
1767113876: Error: Unable to open pwfile "/mosquitto/config/passwords".
1767113876: Error opening password file "/mosquitto/config/passwords".
1767113939: mosquitto version 2.0.22 starting
1767113939: Config loaded from /mosquitto/config/mosquitto.conf.
1767113939: Error: Unable to open pwfile "/mosquitto/config/passwords".
1767113939: Error opening password file "/mosquitto/config/passwords".
1767114001: mosquitto version 2.0.22 starting
1767114001: Config loaded from /mosquitto/config/mosquitto.conf.
1767114001: Error: Unable to open pwfile "/mosquitto/config/passwords".
1767114001: Error opening password file "/mosquitto/config/passwords".
1767114064: mosquitto version 2.0.22 starting
1767114064: Config loaded from /mosquitto/config/mosquitto.conf.
1767114064: Error: Unable to open pwfile "/mosquitto/config/passwords".
1767114064: Error opening password file "/mosquitto/config/passwords".
1767114127: mosquitto version 2.0.22 starting
1767114127: Config loaded from /mosquitto/config/mosquitto.conf.
1767114127: Error: Unable to open pwfile "/mosquitto/config/passwords".
1767114127: Error opening password file "/mosquitto/config/passwords".
1767114189: mosquitto version 2.0.22 starting
1767114189: Config loaded from /mosquitto/config/mosquitto.conf.
1767114189: Error: Unable to open pwfile "/mosquitto/config/passwords".
1767114189: Error opening password file "/mosquitto/config/passwords".
1767114252: mosquitto version 2.0.22 starting
1767114252: Config loaded from /mosquitto/config/mosquitto.conf.
1767114252: Error: Unable to open pwfile "/mosquitto/config/passwords".
1767114252: Error opening password file "/mosquitto/config/passwords".
1767114315: mosquitto version 2.0.22 starting
1767114315: Config loaded from /mosquitto/config/mosquitto.conf.
1767114315: Error: Unable to open pwfile "/mosquitto/config/passwords".
1767114315: Error opening password file "/mosquitto/config/passwords".
1767114377: mosquitto version 2.0.22 starting
1767114377: Config loaded from /mosquitto/config/mosquitto.conf.
1767114377: Error: Unable to open pwfile "/mosquitto/config/passwords".
1767114377: Error opening password file "/mosquitto/config/passwords".
1767114440: mosquitto version 2.0.22 starting
1767114440: Config loaded from /mosquitto/config/mosquitto.conf.
1767114440: Error: Unable to open pwfile "/mosquitto/config/passwords".
1767114440: Error opening password file "/mosquitto/config/passwords".
1767114502: mosquitto version 2.0.22 starting
1767114502: Config loaded from /mosquitto/config/mosquitto.conf.
1767114502: Error: Unable to open pwfile "/mosquitto/config/passwords".
1767114502: Error opening password file "/mosquitto/config/passwords".
1767114565: mosquitto version 2.0.22 starting
1767114565: Config loaded from /mosquitto/config/mosquitto.conf.
1767114565: Error: Unable to open pwfile "/mosquitto/config/passwords".
1767114565: Error opening password file "/mosquitto/config/passwords".
1767114628: mosquitto version 2.0.22 starting
1767114628: Config loaded from /mosquitto/config/mosquitto.conf.
1767114628: Error: Unable to open pwfile "/mosquitto/config/passwords".
1767114628: Error opening password file "/mosquitto/config/passwords".
1767114690: mosquitto version 2.0.22 starting
1767114690: Config loaded from /mosquitto/config/mosquitto.conf.
1767114690: Error: Unable to open pwfile "/mosquitto/config/passwords".
1767114690: Error opening password file "/mosquitto/config/passwords".
1767114753: mosquitto version 2.0.22 starting
1767114753: Config loaded from /mosquitto/config/mosquitto.conf.
1767114753: Error: Unable to open pwfile "/mosquitto/config/passwords".
1767114753: Error opening password file "/mosquitto/config/passwords".
1767114816: mosquitto version 2.0.22 starting
1767114816: Config loaded from /mosquitto/config/mosquitto.conf.
1767114816: Error: Unable to open pwfile "/mosquitto/config/passwords".
1767114816: Error opening password file "/mosquitto/config/passwords".
1767114878: mosquitto version 2.0.22 starting
1767114878: Config loaded from /mosquitto/config/mosquitto.conf.
1767114878: Error: Unable to open pwfile "/mosquitto/config/passwords".
1767114878: Error opening password file "/mosquitto/config/passwords".
1767114941: mosquitto version 2.0.22 starting
1767114941: Config loaded from /mosquitto/config/mosquitto.conf.
1767114941: Error: Unable to open pwfile "/mosquitto/config/passwords".
1767114941: Error opening password file "/mosquitto/config/passwords".
1767115003: mosquitto version 2.0.22 starting
1767115003: Config loaded from /mosquitto/config/mosquitto.conf.
1767115003: Error: Unable to open pwfile "/mosquitto/config/passwords".
1767115003: Error opening password file "/mosquitto/config/passwords".
1767115066: mosquitto version 2.0.22 starting
1767115066: Config loaded from /mosquitto/config/mosquitto.conf.
1767115066: Error: Unable to open pwfile "/mosquitto/config/passwords".
1767115066: Error opening password file "/mosquitto/config/passwords".
1767115128: mosquitto version 2.0.22 starting
1767115128: Config loaded from /mosquitto/config/mosquitto.conf.
1767115128: Error: Unable to open pwfile "/mosquitto/config/passwords".
1767115128: Error opening password file "/mosquitto/config/passwords".
1767115191: mosquitto version 2.0.22 starting
1767115191: Config loaded from /mosquitto/config/mosquitto.conf.
1767115191: Error: Unable to open pwfile "/mosquitto/config/passwords".
1767115191: Error opening password file "/mosquitto/config/passwords".
1767115254: mosquitto version 2.0.22 starting
1767115254: Config loaded from /mosquitto/config/mosquitto.conf.
1767115254: Error: Unable to open pwfile "/mosquitto/config/passwords".
1767115254: Error opening password file "/mosquitto/config/passwords".
1767115316: mosquitto version 2.0.22 starting
1767115316: Config loaded from /mosquitto/config/mosquitto.conf.
1767115316: Error: Unable to open pwfile "/mosquitto/config/passwords".
1767115316: Error opening password file "/mosquitto/config/passwords".
1767115379: mosquitto version 2.0.22 starting
1767115379: Config loaded from /mosquitto/config/mosquitto.conf.
1767115379: Error: Unable to open pwfile "/mosquitto/config/passwords".
1767115379: Error opening password file "/mosquitto/config/passwords".
1767115441: mosquitto version 2.0.22 starting
1767115441: Config loaded from /mosquitto/config/mosquitto.conf.
1767115441: Error: Unable to open pwfile "/mosquitto/config/passwords".
1767115441: Error opening password file "/mosquitto/config/passwords".
1767115504: mosquitto version 2.0.22 starting
1767115504: Config loaded from /mosquitto/config/mosquitto.conf.
1767115504: Error: Unable to open pwfile "/mosquitto/config/passwords".
1767115504: Error opening password file "/mosquitto/config/passwords".
1767115566: mosquitto version 2.0.22 starting
1767115566: Config loaded from /mosquitto/config/mosquitto.conf.
1767115566: Error: Unable to open pwfile "/mosquitto/config/passwords".
1767115566: Error opening password file "/mosquitto/config/passwords".
1767115629: mosquitto version 2.0.22 starting
1767115629: Config loaded from /mosquitto/config/mosquitto.conf.
1767115629: Error: Unable to open pwfile "/mosquitto/config/passwords".
1767115629: Error opening password file "/mosquitto/config/passwords".
1767115691: mosquitto version 2.0.22 starting
1767115691: Config loaded from /mosquitto/config/mosquitto.conf.
1767115691: Error: Unable to open pwfile "/mosquitto/config/passwords".
1767115691: Error opening password file "/mosquitto/config/passwords".
1767115754: mosquitto version 2.0.22 starting
1767115754: Config loaded from /mosquitto/config/mosquitto.conf.
1767115754: Error: Unable to open pwfile "/mosquitto/config/passwords".
1767115754: Error opening password file "/mosquitto/config/passwords".
1767115816: mosquitto version 2.0.22 starting
1767115816: Config loaded from /mosquitto/config/mosquitto.conf.
1767115816: Error: Unable to open pwfile "/mosquitto/config/passwords".
1767115816: Error opening password file "/mosquitto/config/passwords".
1767115879: mosquitto version 2.0.22 starting
1767115879: Config loaded from /mosquitto/config/mosquitto.conf.
1767115879: Error: Unable to open pwfile "/mosquitto/config/passwords".
1767115879: Error opening password file "/mosquitto/config/passwords".
1767115942: mosquitto version 2.0.22 starting
1767115942: Config loaded from /mosquitto/config/mosquitto.conf.
1767115942: Error: Unable to open pwfile "/mosquitto/config/passwords".
1767115942: Error opening password file "/mosquitto/config/passwords".
1767116004: mosquitto version 2.0.22 starting
1767116004: Config loaded from /mosquitto/config/mosquitto.conf.
1767116004: Error: Unable to open pwfile "/mosquitto/config/passwords".
1767116004: Error opening password file "/mosquitto/config/passwords".
1767116067: mosquitto version 2.0.22 starting
1767116067: Config loaded from /mosquitto/config/mosquitto.conf.
1767116067: Error: Unable to open pwfile "/mosquitto/config/passwords".
1767116067: Error opening password file "/mosquitto/config/passwords".
1767116129: mosquitto version 2.0.22 starting
1767116129: Config loaded from /mosquitto/config/mosquitto.conf.
1767116129: Error: Unable to open pwfile "/mosquitto/config/passwords".
1767116129: Error opening password file "/mosquitto/config/passwords".
1767116192: mosquitto version 2.0.22 starting
1767116192: Config loaded from /mosquitto/config/mosquitto.conf.
1767116192: Error: Unable to open pwfile "/mosquitto/config/passwords".
1767116192: Error opening password file "/mosquitto/config/passwords".
1767116254: mosquitto version 2.0.22 starting
1767116254: Config loaded from /mosquitto/config/mosquitto.conf.
1767116254: Error: Unable to open pwfile "/mosquitto/config/passwords".
1767116254: Error opening password file "/mosquitto/config/passwords".
1767116317: mosquitto version 2.0.22 starting
1767116317: Config loaded from /mosquitto/config/mosquitto.conf.
1767116317: Error: Unable to open pwfile "/mosquitto/config/passwords".
1767116317: Error opening password file "/mosquitto/config/passwords".
1767116379: mosquitto version 2.0.22 starting
1767116379: Config loaded from /mosquitto/config/mosquitto.conf.
1767116379: Error: Unable to open pwfile "/mosquitto/config/passwords".
1767116379: Error opening password file "/mosquitto/config/passwords".
1767116442: mosquitto version 2.0.22 starting
1767116442: Config loaded from /mosquitto/config/mosquitto.conf.
1767116442: Error: Unable to open pwfile "/mosquitto/config/passwords".
1767116442: Error opening password file "/mosquitto/config/passwords".
1767116504: mosquitto version 2.0.22 starting
1767116504: Config loaded from /mosquitto/config/mosquitto.conf.
1767116504: Error: Unable to open pwfile "/mosquitto/config/passwords".
1767116504: Error opening password file "/mosquitto/config/passwords".
1767116567: mosquitto version 2.0.22 starting
1767116567: Config loaded from /mosquitto/config/mosquitto.conf.
1767116567: Error: Unable to open pwfile "/mosquitto/config/passwords".
1767116567: Error opening password file "/mosquitto/config/passwords".
1767116629: mosquitto version 2.0.22 starting
1767116629: Config loaded from /mosquitto/config/mosquitto.conf.
1767116629: Error: Unable to open pwfile "/mosquitto/config/passwords".
1767116629: Error opening password file "/mosquitto/config/passwords".
1767116692: mosquitto version 2.0.22 starting
1767116692: Config loaded from /mosquitto/config/mosquitto.conf.
1767116692: Error: Unable to open pwfile "/mosquitto/config/passwords".
1767116692: Error opening password file "/mosquitto/config/passwords".
1767116754: mosquitto version 2.0.22 starting
1767116754: Config loaded from /mosquitto/config/mosquitto.conf.
1767116754: Error: Unable to open pwfile "/mosquitto/config/passwords".
1767116754: Error opening password file "/mosquitto/config/passwords".
1767116817: mosquitto version 2.0.22 starting
1767116817: Config loaded from /mosquitto/config/mosquitto.conf.
1767116817: Error: Unable to open pwfile "/mosquitto/config/passwords".
1767116817: Error opening password file "/mosquitto/config/passwords".
1767116879: mosquitto version 2.0.22 starting
1767116879: Config loaded from /mosquitto/config/mosquitto.conf.
1767116879: Error: Unable to open pwfile "/mosquitto/config/passwords".
1767116879: Error opening password file "/mosquitto/config/passwords".
1767116942: mosquitto version 2.0.22 starting
1767116942: Config loaded from /mosquitto/config/mosquitto.conf.
1767116942: Error: Unable to open pwfile "/mosquitto/config/passwords".
1767116942: Error opening password file "/mosquitto/config/passwords".
1767117004: mosquitto version 2.0.22 starting
1767117004: Config loaded from /mosquitto/config/mosquitto.conf.
1767117004: Error: Unable to open pwfile "/mosquitto/config/passwords".
1767117004: Error opening password file "/mosquitto/config/passwords".
1767117067: mosquitto version 2.0.22 starting
1767117067: Config loaded from /mosquitto/config/mosquitto.conf.
1767117067: Error: Unable to open pwfile "/mosquitto/config/passwords".
1767117067: Error opening password file "/mosquitto/config/passwords".
1767117129: mosquitto version 2.0.22 starting
1767117129: Config loaded from /mosquitto/config/mosquitto.conf.
1767117129: Error: Unable to open pwfile "/mosquitto/config/passwords".
1767117129: Error opening password file "/mosquitto/config/passwords".
1767117191: mosquitto version 2.0.22 starting
1767117191: Config loaded from /mosquitto/config/mosquitto.conf.
1767117191: Error: Unable to open pwfile "/mosquitto/config/passwords".
1767117191: Error opening password file "/mosquitto/config/passwords".
1767117254: mosquitto version 2.0.22 starting
1767117254: Config loaded from /mosquitto/config/mosquitto.conf.
1767117254: Error: Unable to open pwfile "/mosquitto/config/passwords".
1767117254: Error opening password file "/mosquitto/config/passwords".
1767117316: mosquitto version 2.0.22 starting
1767117316: Config loaded from /mosquitto/config/mosquitto.conf.
1767117316: Error: Unable to open pwfile "/mosquitto/config/passwords".
1767117316: Error opening password file "/mosquitto/config/passwords".
1767117379: mosquitto version 2.0.22 starting
1767117379: Config loaded from /mosquitto/config/mosquitto.conf.
1767117379: Error: Unable to open pwfile "/mosquitto/config/passwords".
1767117379: Error opening password file "/mosquitto/config/passwords".
1767117441: mosquitto version 2.0.22 starting
1767117441: Config loaded from /mosquitto/config/mosquitto.conf.
1767117441: Error: Unable to open pwfile "/mosquitto/config/passwords".
1767117441: Error opening password file "/mosquitto/config/passwords".
1767117504: mosquitto version 2.0.22 starting
1767117504: Config loaded from /mosquitto/config/mosquitto.conf.
1767117504: Error: Unable to open pwfile "/mosquitto/config/passwords".
1767117504: Error opening password file "/mosquitto/config/passwords".
1767117566: mosquitto version 2.0.22 starting
1767117566: Config loaded from /mosquitto/config/mosquitto.conf.
1767117566: Error: Unable to open pwfile "/mosquitto/config/passwords".
1767117566: Error opening password file "/mosquitto/config/passwords".
1767117629: mosquitto version 2.0.22 starting
1767117629: Config loaded from /mosquitto/config/mosquitto.conf.
1767117629: Error: Unable to open pwfile "/mosquitto/config/passwords".
1767117629: Error opening password file "/mosquitto/config/passwords".
1767117691: mosquitto version 2.0.22 starting
1767117691: Config loaded from /mosquitto/config/mosquitto.conf.
1767117691: Error: Unable to open pwfile "/mosquitto/config/passwords".
1767117691: Error opening password file "/mosquitto/config/passwords".
1767117753: mosquitto version 2.0.22 starting
1767117753: Config loaded from /mosquitto/config/mosquitto.conf.
1767117753: Error: Unable to open pwfile "/mosquitto/config/passwords".
1767117753: Error opening password file "/mosquitto/config/passwords".
1767117816: mosquitto version 2.0.22 starting
1767117816: Config loaded from /mosquitto/config/mosquitto.conf.
1767117816: Error: Unable to open pwfile "/mosquitto/config/passwords".
1767117816: Error opening password file "/mosquitto/config/passwords".
1767117879: mosquitto version 2.0.22 starting
1767117879: Config loaded from /mosquitto/config/mosquitto.conf.
1767117879: Error: Unable to open pwfile "/mosquitto/config/passwords".
1767117879: Error opening password file "/mosquitto/config/passwords".
1767117942: mosquitto version 2.0.22 starting
1767117942: Config loaded from /mosquitto/config/mosquitto.conf.
1767117942: Error: Unable to open pwfile "/mosquitto/config/passwords".
1767117942: Error opening password file "/mosquitto/config/passwords".
1767118004: mosquitto version 2.0.22 starting
1767118004: Config loaded from /mosquitto/config/mosquitto.conf.
1767118004: Error: Unable to open pwfile "/mosquitto/config/passwords".
1767118004: Error opening password file "/mosquitto/config/passwords".
1767118067: mosquitto version 2.0.22 starting
1767118067: Config loaded from /mosquitto/config/mosquitto.conf.
1767118067: Error: Unable to open pwfile "/mosquitto/config/passwords".
1767118067: Error opening password file "/mosquitto/config/passwords".
1767118129: mosquitto version 2.0.22 starting
1767118129: Config loaded from /mosquitto/config/mosquitto.conf.
1767118129: Error: Unable to open pwfile "/mosquitto/config/passwords".
1767118129: Error opening password file "/mosquitto/config/passwords".
1767118191: mosquitto version 2.0.22 starting
1767118191: Config loaded from /mosquitto/config/mosquitto.conf.
1767118191: Error: Unable to open pwfile "/mosquitto/config/passwords".
1767118191: Error opening password file "/mosquitto/config/passwords".
1767118254: mosquitto version 2.0.22 starting
1767118254: Config loaded from /mosquitto/config/mosquitto.conf.
1767118254: Error: Unable to open pwfile "/mosquitto/config/passwords".
1767118254: Error opening password file "/mosquitto/config/passwords".
1767118316: mosquitto version 2.0.22 starting
1767118316: Config loaded from /mosquitto/config/mosquitto.conf.
1767118316: Error: Unable to open pwfile "/mosquitto/config/passwords".
1767118316: Error opening password file "/mosquitto/config/passwords".
1767118379: mosquitto version 2.0.22 starting
1767118379: Config loaded from /mosquitto/config/mosquitto.conf.
1767118379: Error: Unable to open pwfile "/mosquitto/config/passwords".
1767118379: Error opening password file "/mosquitto/config/passwords".
1767118441: mosquitto version 2.0.22 starting
1767118441: Config loaded from /mosquitto/config/mosquitto.conf.
1767118441: Error: Unable to open pwfile "/mosquitto/config/passwords".
1767118441: Error opening password file "/mosquitto/config/passwords".
1767118503: mosquitto version 2.0.22 starting
1767118503: Config loaded from /mosquitto/config/mosquitto.conf.
1767118503: Error: Unable to open pwfile "/mosquitto/config/passwords".
1767118503: Error opening password file "/mosquitto/config/passwords".
1767118566: mosquitto version 2.0.22 starting
1767118566: Config loaded from /mosquitto/config/mosquitto.conf.
1767118566: Error: Unable to open pwfile "/mosquitto/config/passwords".
1767118566: Error opening password file "/mosquitto/config/passwords".
1767118628: mosquitto version 2.0.22 starting
1767118628: Config loaded from /mosquitto/config/mosquitto.conf.
1767118628: Error: Unable to open pwfile "/mosquitto/config/passwords".
1767118628: Error opening password file "/mosquitto/config/passwords".
1767118690: mosquitto version 2.0.22 starting
1767118690: Config loaded from /mosquitto/config/mosquitto.conf.
1767118690: Error: Unable to open pwfile "/mosquitto/config/passwords".
1767118690: Error opening password file "/mosquitto/config/passwords".
1767118753: mosquitto version 2.0.22 starting
1767118753: Config loaded from /mosquitto/config/mosquitto.conf.
1767118753: Error: Unable to open pwfile "/mosquitto/config/passwords".
1767118753: Error opening password file "/mosquitto/config/passwords".
1767118815: mosquitto version 2.0.22 starting
1767118815: Config loaded from /mosquitto/config/mosquitto.conf.
1767118815: Error: Unable to open pwfile "/mosquitto/config/passwords".
1767118815: Error opening password file "/mosquitto/config/passwords".
1767118878: mosquitto version 2.0.22 starting
1767118878: Config loaded from /mosquitto/config/mosquitto.conf.
1767118878: Error: Unable to open pwfile "/mosquitto/config/passwords".
1767118878: Error opening password file "/mosquitto/config/passwords".
1767118940: mosquitto version 2.0.22 starting
1767118940: Config loaded from /mosquitto/config/mosquitto.conf.
1767118940: Error: Unable to open pwfile "/mosquitto/config/passwords".
1767118940: Error opening password file "/mosquitto/config/passwords".
1767119002: mosquitto version 2.0.22 starting
1767119002: Config loaded from /mosquitto/config/mosquitto.conf.
1767119002: Error: Unable to open pwfile "/mosquitto/config/passwords".
1767119002: Error opening password file "/mosquitto/config/passwords".
1767119064: mosquitto version 2.0.22 starting
1767119064: Config loaded from /mosquitto/config/mosquitto.conf.
1767119064: Error: Unable to open pwfile "/mosquitto/config/passwords".
1767119064: Error opening password file "/mosquitto/config/passwords".
1767119127: mosquitto version 2.0.22 starting
1767119127: Config loaded from /mosquitto/config/mosquitto.conf.
1767119127: Error: Unable to open pwfile "/mosquitto/config/passwords".
1767119127: Error opening password file "/mosquitto/config/passwords".
1767119189: mosquitto version 2.0.22 starting
1767119189: Config loaded from /mosquitto/config/mosquitto.conf.
1767119189: Error: Unable to open pwfile "/mosquitto/config/passwords".
1767119189: Error opening password file "/mosquitto/config/passwords".
1767119251: mosquitto version 2.0.22 starting
1767119251: Config loaded from /mosquitto/config/mosquitto.conf.
1767119251: Error: Unable to open pwfile "/mosquitto/config/passwords".
1767119251: Error opening password file "/mosquitto/config/passwords".
1767119314: mosquitto version 2.0.22 starting
1767119314: Config loaded from /mosquitto/config/mosquitto.conf.
1767119314: Error: Unable to open pwfile "/mosquitto/config/passwords".
1767119314: Error opening password file "/mosquitto/config/passwords".
1767119376: mosquitto version 2.0.22 starting
1767119376: Config loaded from /mosquitto/config/mosquitto.conf.
1767119376: Error: Unable to open pwfile "/mosquitto/config/passwords".
1767119376: Error opening password file "/mosquitto/config/passwords".
1767119439: mosquitto version 2.0.22 starting
1767119439: Config loaded from /mosquitto/config/mosquitto.conf.
1767119439: Error: Unable to open pwfile "/mosquitto/config/passwords".
1767119439: Error opening password file "/mosquitto/config/passwords".
1767119501: mosquitto version 2.0.22 starting
1767119501: Config loaded from /mosquitto/config/mosquitto.conf.
1767119501: Error: Unable to open pwfile "/mosquitto/config/passwords".
1767119501: Error opening password file "/mosquitto/config/passwords".
1767119563: mosquitto version 2.0.22 starting
1767119563: Config loaded from /mosquitto/config/mosquitto.conf.
1767119563: Error: Unable to open pwfile "/mosquitto/config/passwords".
1767119563: Error opening password file "/mosquitto/config/passwords".
1767119625: mosquitto version 2.0.22 starting
1767119625: Config loaded from /mosquitto/config/mosquitto.conf.
1767119625: Error: Unable to open pwfile "/mosquitto/config/passwords".
1767119625: Error opening password file "/mosquitto/config/passwords".
1767119688: mosquitto version 2.0.22 starting
1767119688: Config loaded from /mosquitto/config/mosquitto.conf.
1767119688: Error: Unable to open pwfile "/mosquitto/config/passwords".
1767119688: Error opening password file "/mosquitto/config/passwords".
1767119750: mosquitto version 2.0.22 starting
1767119750: Config loaded from /mosquitto/config/mosquitto.conf.
1767119750: Error: Unable to open pwfile "/mosquitto/config/passwords".
1767119750: Error opening password file "/mosquitto/config/passwords".
1767119812: mosquitto version 2.0.22 starting
1767119812: Config loaded from /mosquitto/config/mosquitto.conf.
1767119812: Error: Unable to open pwfile "/mosquitto/config/passwords".
1767119812: Error opening password file "/mosquitto/config/passwords".
1767119875: mosquitto version 2.0.22 starting
1767119875: Config loaded from /mosquitto/config/mosquitto.conf.
1767119875: Error: Unable to open pwfile "/mosquitto/config/passwords".
1767119875: Error opening password file "/mosquitto/config/passwords".
1767119937: mosquitto version 2.0.22 starting
1767119937: Config loaded from /mosquitto/config/mosquitto.conf.
1767119937: Error: Unable to open pwfile "/mosquitto/config/passwords".
1767119937: Error opening password file "/mosquitto/config/passwords".
1767119999: mosquitto version 2.0.22 starting
1767119999: Config loaded from /mosquitto/config/mosquitto.conf.
1767119999: Error: Unable to open pwfile "/mosquitto/config/passwords".
1767119999: Error opening password file "/mosquitto/config/passwords".
1767120061: mosquitto version 2.0.22 starting
1767120061: Config loaded from /mosquitto/config/mosquitto.conf.
1767120061: Error: Unable to open pwfile "/mosquitto/config/passwords".
1767120061: Error opening password file "/mosquitto/config/passwords".
1767120124: mosquitto version 2.0.22 starting
1767120124: Config loaded from /mosquitto/config/mosquitto.conf.
1767120124: Error: Unable to open pwfile "/mosquitto/config/passwords".
1767120124: Error opening password file "/mosquitto/config/passwords".
1767120186: mosquitto version 2.0.22 starting
1767120186: Config loaded from /mosquitto/config/mosquitto.conf.
1767120186: Error: Unable to open pwfile "/mosquitto/config/passwords".
1767120186: Error opening password file "/mosquitto/config/passwords".
1767120248: mosquitto version 2.0.22 starting
1767120248: Config loaded from /mosquitto/config/mosquitto.conf.
1767120248: Error: Unable to open pwfile "/mosquitto/config/passwords".
1767120248: Error opening password file "/mosquitto/config/passwords".
1767120310: mosquitto version 2.0.22 starting
1767120310: Config loaded from /mosquitto/config/mosquitto.conf.
1767120310: Error: Unable to open pwfile "/mosquitto/config/passwords".
1767120310: Error opening password file "/mosquitto/config/passwords".
1767120373: mosquitto version 2.0.22 starting
1767120373: Config loaded from /mosquitto/config/mosquitto.conf.
1767120373: Error: Unable to open pwfile "/mosquitto/config/passwords".
1767120373: Error opening password file "/mosquitto/config/passwords".
1767120435: mosquitto version 2.0.22 starting
1767120435: Config loaded from /mosquitto/config/mosquitto.conf.
1767120435: Error: Unable to open pwfile "/mosquitto/config/passwords".
1767120435: Error opening password file "/mosquitto/config/passwords".
1767120497: mosquitto version 2.0.22 starting
1767120497: Config loaded from /mosquitto/config/mosquitto.conf.
1767120497: Error: Unable to open pwfile "/mosquitto/config/passwords".
1767120497: Error opening password file "/mosquitto/config/passwords".
1767120559: mosquitto version 2.0.22 starting
1767120559: Config loaded from /mosquitto/config/mosquitto.conf.
1767120559: Error: Unable to open pwfile "/mosquitto/config/passwords".
1767120559: Error opening password file "/mosquitto/config/passwords".
1767120622: mosquitto version 2.0.22 starting
1767120622: Config loaded from /mosquitto/config/mosquitto.conf.
1767120622: Error: Unable to open pwfile "/mosquitto/config/passwords".
1767120622: Error opening password file "/mosquitto/config/passwords".
1767120684: mosquitto version 2.0.22 starting
1767120684: Config loaded from /mosquitto/config/mosquitto.conf.
1767120684: Error: Unable to open pwfile "/mosquitto/config/passwords".
1767120684: Error opening password file "/mosquitto/config/passwords".
1767120746: mosquitto version 2.0.22 starting
1767120746: Config loaded from /mosquitto/config/mosquitto.conf.
1767120746: Error: Unable to open pwfile "/mosquitto/config/passwords".
1767120746: Error opening password file "/mosquitto/config/passwords".
1767120809: mosquitto version 2.0.22 starting
1767120809: Config loaded from /mosquitto/config/mosquitto.conf.
1767120809: Error: Unable to open pwfile "/mosquitto/config/passwords".
1767120809: Error opening password file "/mosquitto/config/passwords".
1767120871: mosquitto version 2.0.22 starting
1767120871: Config loaded from /mosquitto/config/mosquitto.conf.
1767120871: Error: Unable to open pwfile "/mosquitto/config/passwords".
1767120871: Error opening password file "/mosquitto/config/passwords".
1767120933: mosquitto version 2.0.22 starting
1767120933: Config loaded from /mosquitto/config/mosquitto.conf.
1767120933: Error: Unable to open pwfile "/mosquitto/config/passwords".
1767120933: Error opening password file "/mosquitto/config/passwords".
1767120995: mosquitto version 2.0.22 starting
1767120995: Config loaded from /mosquitto/config/mosquitto.conf.
1767120995: Error: Unable to open pwfile "/mosquitto/config/passwords".
1767120995: Error opening password file "/mosquitto/config/passwords".
1767121058: mosquitto version 2.0.22 starting
1767121058: Config loaded from /mosquitto/config/mosquitto.conf.
1767121058: Error: Unable to open pwfile "/mosquitto/config/passwords".
1767121058: Error opening password file "/mosquitto/config/passwords".
1767121120: mosquitto version 2.0.22 starting
1767121120: Config loaded from /mosquitto/config/mosquitto.conf.
1767121120: Error: Unable to open pwfile "/mosquitto/config/passwords".
1767121120: Error opening password file "/mosquitto/config/passwords".
1767121182: mosquitto version 2.0.22 starting
1767121182: Config loaded from /mosquitto/config/mosquitto.conf.
1767121182: Error: Unable to open pwfile "/mosquitto/config/passwords".
1767121182: Error opening password file "/mosquitto/config/passwords".
1767121244: mosquitto version 2.0.22 starting
1767121244: Config loaded from /mosquitto/config/mosquitto.conf.
1767121244: Error: Unable to open pwfile "/mosquitto/config/passwords".
1767121244: Error opening password file "/mosquitto/config/passwords".
1767121306: mosquitto version 2.0.22 starting
1767121306: Config loaded from /mosquitto/config/mosquitto.conf.
1767121306: Error: Unable to open pwfile "/mosquitto/config/passwords".
1767121306: Error opening password file "/mosquitto/config/passwords".
1767121369: mosquitto version 2.0.22 starting
1767121369: Config loaded from /mosquitto/config/mosquitto.conf.
1767121369: Error: Unable to open pwfile "/mosquitto/config/passwords".
1767121369: Error opening password file "/mosquitto/config/passwords".
1767121431: mosquitto version 2.0.22 starting
1767121431: Config loaded from /mosquitto/config/mosquitto.conf.
1767121431: Error: Unable to open pwfile "/mosquitto/config/passwords".
1767121431: Error opening password file "/mosquitto/config/passwords".
1767121493: mosquitto version 2.0.22 starting
1767121493: Config loaded from /mosquitto/config/mosquitto.conf.
1767121493: Error: Unable to open pwfile "/mosquitto/config/passwords".
1767121493: Error opening password file "/mosquitto/config/passwords".
1767121555: mosquitto version 2.0.22 starting
1767121555: Config loaded from /mosquitto/config/mosquitto.conf.
1767121555: Error: Unable to open pwfile "/mosquitto/config/passwords".
1767121555: Error opening password file "/mosquitto/config/passwords".
1767121617: mosquitto version 2.0.22 starting
1767121617: Config loaded from /mosquitto/config/mosquitto.conf.
1767121617: Error: Unable to open pwfile "/mosquitto/config/passwords".
1767121617: Error opening password file "/mosquitto/config/passwords".
1767121679: mosquitto version 2.0.22 starting
1767121679: Config loaded from /mosquitto/config/mosquitto.conf.
1767121679: Error: Unable to open pwfile "/mosquitto/config/passwords".
1767121679: Error opening password file "/mosquitto/config/passwords".
1767121742: mosquitto version 2.0.22 starting
1767121742: Config loaded from /mosquitto/config/mosquitto.conf.
1767121742: Error: Unable to open pwfile "/mosquitto/config/passwords".
1767121742: Error opening password file "/mosquitto/config/passwords".
1767121804: mosquitto version 2.0.22 starting
1767121804: Config loaded from /mosquitto/config/mosquitto.conf.
1767121804: Error: Unable to open pwfile "/mosquitto/config/passwords".
1767121804: Error opening password file "/mosquitto/config/passwords".
1767121866: mosquitto version 2.0.22 starting
1767121866: Config loaded from /mosquitto/config/mosquitto.conf.
1767121866: Error: Unable to open pwfile "/mosquitto/config/passwords".
1767121866: Error opening password file "/mosquitto/config/passwords".
1767121928: mosquitto version 2.0.22 starting
1767121928: Config loaded from /mosquitto/config/mosquitto.conf.
1767121928: Error: Unable to open pwfile "/mosquitto/config/passwords".
1767121928: Error opening password file "/mosquitto/config/passwords".
1767121990: mosquitto version 2.0.22 starting
1767121990: Config loaded from /mosquitto/config/mosquitto.conf.
1767121990: Error: Unable to open pwfile "/mosquitto/config/passwords".
1767121990: Error opening password file "/mosquitto/config/passwords".
1767122052: mosquitto version 2.0.22 starting
1767122052: Config loaded from /mosquitto/config/mosquitto.conf.
1767122052: Error: Unable to open pwfile "/mosquitto/config/passwords".
1767122052: Error opening password file "/mosquitto/config/passwords".
1767122114: mosquitto version 2.0.22 starting
1767122114: Config loaded from /mosquitto/config/mosquitto.conf.
1767122114: Error: Unable to open pwfile "/mosquitto/config/passwords".
1767122114: Error opening password file "/mosquitto/config/passwords".
1767122176: mosquitto version 2.0.22 starting
1767122176: Config loaded from /mosquitto/config/mosquitto.conf.
1767122176: Error: Unable to open pwfile "/mosquitto/config/passwords".
1767122176: Error opening password file "/mosquitto/config/passwords".
1767122239: mosquitto version 2.0.22 starting
1767122239: Config loaded from /mosquitto/config/mosquitto.conf.
1767122239: Error: Unable to open pwfile "/mosquitto/config/passwords".
1767122239: Error opening password file "/mosquitto/config/passwords".
1767122301: mosquitto version 2.0.22 starting
1767122301: Config loaded from /mosquitto/config/mosquitto.conf.
1767122301: Error: Unable to open pwfile "/mosquitto/config/passwords".
1767122301: Error opening password file "/mosquitto/config/passwords".
1767122363: mosquitto version 2.0.22 starting
1767122363: Config loaded from /mosquitto/config/mosquitto.conf.
1767122363: Error: Unable to open pwfile "/mosquitto/config/passwords".
1767122363: Error opening password file "/mosquitto/config/passwords".
